<?xml version="1.0" encoding="UTF-8"?><testsuite failures="0" name="cucumber.runtime.formatter.JUnitFormatter" skipped="0" tests="1" time="0.131236">
<testcase classname="Demo of thedemosite" name="client will launch the demo site and enter user ID, passward and perform validation" time="0.131236">
<system-out><![CDATA[When Client will launch the demo site.......................................passed
And user enters the following data..........................................passed
]]></system-out>
</testcase>
</testsuite>
